<?xml version="1.0" encoding="UTF-8"?>
<!-- Generated by org.testng.reporters.JUnitReportReporter -->
<testsuite hostname="CrazyMachine" failures="0" tests="3" name="com.giancodes.desktopTests.SignInTest" time="110.119" errors="0" timestamp="2023-12-23T20:17:18 PST" skipped="0">
  <testcase classname="com.giancodes.desktopTests.SignInTest" name="ValidCreditsSignInTest" time="37.250"/>
  <system-out/>
  <testcase classname="com.giancodes.desktopTests.SignInTest" name="ValidCreditsSignInTest" time="19.808"/>
  <system-out/>
  <testcase classname="com.giancodes.desktopTests.SignInTest" name="ValidCreditsSignInTest" time="53.061"/>
  <system-out/>
</testsuite> <!-- com.giancodes.desktopTests.SignInTest -->
